{"C:\\Users\\SPARTAN PC\\tic-tac-toe\\tic-tac-toe\\src\\App.jsx": {"path":"C:\\Users\\SPARTAN PC\\tic-tac-toe\\tic-tac-toe\\src\\App.jsx","all":false,"statementMap":{"0":{"start":{"line":1,"column":0},"end":{"line":1,"column":32}},"1":{"start":{"line":2,"column":0},"end":{"line":2,"column":18}},"2":{"start":{"line":3,"column":0},"end":{"line":3,"column":35}},"3":{"start":{"line":4,"column":0},"end":{"line":4,"column":42}},"4":{"start":{"line":5,"column":0},"end":{"line":5,"column":43}},"5":{"start":{"line":6,"column":0},"end":{"line":6,"column":42}},"7":{"start":{"line":8,"column":0},"end":{"line":8,"column":16}},"8":{"start":{"line":9,"column":0},"end":{"line":9,"column":51}},"9":{"start":{"line":10,"column":0},"end":{"line":10,"column":84}},"11":{"start":{"line":12,"column":0},"end":{"line":12,"column":31}},"12":{"start":{"line":13,"column":0},"end":{"line":13,"column":61}},"13":{"start":{"line":14,"column":0},"end":{"line":14,"column":25}},"14":{"start":{"line":15,"column":0},"end":{"line":15,"column":23}},"15":{"start":{"line":16,"column":0},"end":{"line":16,"column":3}},"17":{"start":{"line":18,"column":0},"end":{"line":18,"column":10}},"18":{"start":{"line":19,"column":0},"end":{"line":19,"column":73}},"19":{"start":{"line":20,"column":0},"end":{"line":20,"column":66}},"20":{"start":{"line":21,"column":0},"end":{"line":21,"column":55}},"21":{"start":{"line":22,"column":0},"end":{"line":22,"column":130}},"22":{"start":{"line":23,"column":0},"end":{"line":23,"column":128}},"23":{"start":{"line":24,"column":0},"end":{"line":24,"column":197}},"24":{"start":{"line":25,"column":0},"end":{"line":25,"column":36}},"27":{"start":{"line":28,"column":0},"end":{"line":28,"column":1}},"29":{"start":{"line":30,"column":0},"end":{"line":30,"column":18}}},"s":{"0":1,"1":1,"2":1,"3":1,"4":1,"5":1,"7":28,"8":28,"9":28,"11":28,"12":1,"13":1,"14":1,"15":1,"17":28,"18":28,"19":28,"20":28,"21":28,"22":28,"23":28,"24":28,"27":28,"29":1},"branchMap":{"0":{"type":"branch","line":8,"loc":{"start":{"line":8,"column":0},"end":{"line":28,"column":1}},"locations":[{"start":{"line":8,"column":0},"end":{"line":28,"column":1}}]},"1":{"type":"branch","line":12,"loc":{"start":{"line":12,"column":24},"end":{"line":16,"column":3}},"locations":[{"start":{"line":12,"column":24},"end":{"line":16,"column":3}}]},"2":{"type":"branch","line":13,"loc":{"start":{"line":13,"column":51},"end":{"line":13,"column":61}},"locations":[{"start":{"line":13,"column":51},"end":{"line":13,"column":61}}]}},"b":{"0":[28],"1":[1],"2":[0]},"fnMap":{"0":{"name":"App","decl":{"start":{"line":8,"column":0},"end":{"line":28,"column":1}},"loc":{"start":{"line":8,"column":0},"end":{"line":28,"column":1}},"line":8},"1":{"name":"handleRestart","decl":{"start":{"line":12,"column":24},"end":{"line":16,"column":3}},"loc":{"start":{"line":12,"column":24},"end":{"line":16,"column":3}},"line":12}},"f":{"0":28,"1":1}}
,"C:\\Users\\SPARTAN PC\\tic-tac-toe\\tic-tac-toe\\src\\constants.js": {"path":"C:\\Users\\SPARTAN PC\\tic-tac-toe\\tic-tac-toe\\src\\constants.js","all":false,"statementMap":{"0":{"start":{"line":1,"column":0},"end":{"line":1,"column":22}},"1":{"start":{"line":2,"column":0},"end":{"line":2,"column":9}},"2":{"start":{"line":3,"column":0},"end":{"line":3,"column":9}},"3":{"start":{"line":4,"column":0},"end":{"line":4,"column":1}},"4":{"start":{"line":5,"column":0},"end":{"line":5,"column":0}},"5":{"start":{"line":6,"column":0},"end":{"line":6,"column":36}},"6":{"start":{"line":7,"column":0},"end":{"line":7,"column":34}},"7":{"start":{"line":8,"column":0},"end":{"line":8,"column":34}},"8":{"start":{"line":9,"column":0},"end":{"line":9,"column":23}},"9":{"start":{"line":10,"column":0},"end":{"line":10,"column":1}}},"s":{"0":1,"1":1,"2":1,"3":1,"4":1,"5":1,"6":1,"7":1,"8":1,"9":1},"branchMap":{},"b":{},"fnMap":{},"f":{}}
,"C:\\Users\\SPARTAN PC\\tic-tac-toe\\tic-tac-toe\\src\\main.jsx": {"path":"C:\\Users\\SPARTAN PC\\tic-tac-toe\\tic-tac-toe\\src\\main.jsx","all":true,"statementMap":{"0":{"start":{"line":1,"column":0},"end":{"line":1,"column":34}},"1":{"start":{"line":2,"column":0},"end":{"line":2,"column":45}},"2":{"start":{"line":3,"column":0},"end":{"line":3,"column":20}},"3":{"start":{"line":4,"column":0},"end":{"line":4,"column":27}},"4":{"start":{"line":5,"column":0},"end":{"line":5,"column":0}},"5":{"start":{"line":6,"column":0},"end":{"line":6,"column":51}},"6":{"start":{"line":7,"column":0},"end":{"line":7,"column":14}},"7":{"start":{"line":8,"column":0},"end":{"line":8,"column":11}},"8":{"start":{"line":9,"column":0},"end":{"line":9,"column":16}},"9":{"start":{"line":10,"column":0},"end":{"line":10,"column":1}}},"s":{"0":0,"1":0,"2":0,"3":0,"4":0,"5":0,"6":0,"7":0,"8":0,"9":0},"branchMap":{"0":{"type":"branch","line":1,"loc":{"start":{"line":1,"column":0},"end":{"line":10,"column":1}},"locations":[{"start":{"line":1,"column":0},"end":{"line":10,"column":1}}]}},"b":{"0":[0]},"fnMap":{"0":{"name":"(empty-report)","decl":{"start":{"line":1,"column":0},"end":{"line":10,"column":1}},"loc":{"start":{"line":1,"column":0},"end":{"line":10,"column":1}},"line":1}},"f":{"0":0}}
,"C:\\Users\\SPARTAN PC\\tic-tac-toe\\tic-tac-toe\\src\\components\\Board.jsx": {"path":"C:\\Users\\SPARTAN PC\\tic-tac-toe\\tic-tac-toe\\src\\components\\Board.jsx","all":false,"statementMap":{"0":{"start":{"line":1,"column":0},"end":{"line":1,"column":33}},"2":{"start":{"line":3,"column":0},"end":{"line":3,"column":48}},"3":{"start":{"line":4,"column":0},"end":{"line":4,"column":10}},"4":{"start":{"line":5,"column":0},"end":{"line":5,"column":48}},"6":{"start":{"line":7,"column":0},"end":{"line":7,"column":36}},"7":{"start":{"line":8,"column":0},"end":{"line":8,"column":18}},"8":{"start":{"line":9,"column":0},"end":{"line":9,"column":87}},"10":{"start":{"line":11,"column":0},"end":{"line":11,"column":10}},"14":{"start":{"line":15,"column":0},"end":{"line":15,"column":1}}},"s":{"0":1,"2":1,"3":31,"4":31,"6":31,"7":279,"8":279,"10":279,"14":31},"branchMap":{"0":{"type":"branch","line":3,"loc":{"start":{"line":3,"column":7},"end":{"line":15,"column":1}},"locations":[{"start":{"line":3,"column":7},"end":{"line":15,"column":1}}]},"1":{"type":"branch","line":7,"loc":{"start":{"line":7,"column":18},"end":{"line":11,"column":10}},"locations":[{"start":{"line":7,"column":18},"end":{"line":11,"column":10}}]}},"b":{"0":[31],"1":[279]},"fnMap":{"0":{"name":"Board","decl":{"start":{"line":3,"column":7},"end":{"line":15,"column":1}},"loc":{"start":{"line":3,"column":7},"end":{"line":15,"column":1}},"line":3}},"f":{"0":31}}
,"C:\\Users\\SPARTAN PC\\tic-tac-toe\\tic-tac-toe\\src\\components\\Square.jsx": {"path":"C:\\Users\\SPARTAN PC\\tic-tac-toe\\tic-tac-toe\\src\\components\\Square.jsx","all":false,"statementMap":{"0":{"start":{"line":1,"column":0},"end":{"line":1,"column":59}},"1":{"start":{"line":2,"column":0},"end":{"line":2,"column":48}},"3":{"start":{"line":4,"column":0},"end":{"line":4,"column":10}},"4":{"start":{"line":5,"column":0},"end":{"line":5,"column":170}},"5":{"start":{"line":6,"column":0},"end":{"line":6,"column":16}},"8":{"start":{"line":9,"column":0},"end":{"line":9,"column":1}}},"s":{"0":1,"1":281,"3":281,"4":281,"5":281,"8":281},"branchMap":{"0":{"type":"branch","line":1,"loc":{"start":{"line":1,"column":7},"end":{"line":9,"column":1}},"locations":[{"start":{"line":1,"column":7},"end":{"line":9,"column":1}}]},"1":{"type":"branch","line":2,"loc":{"start":{"line":2,"column":22},"end":{"line":2,"column":48}},"locations":[{"start":{"line":2,"column":22},"end":{"line":2,"column":48}}]}},"b":{"0":[281],"1":[19]},"fnMap":{"0":{"name":"Square","decl":{"start":{"line":1,"column":7},"end":{"line":9,"column":1}},"loc":{"start":{"line":1,"column":7},"end":{"line":9,"column":1}},"line":1},"1":{"name":"handleClick","decl":{"start":{"line":2,"column":22},"end":{"line":2,"column":48}},"loc":{"start":{"line":2,"column":22},"end":{"line":2,"column":48}},"line":2}},"f":{"0":281,"1":19}}
,"C:\\Users\\SPARTAN PC\\tic-tac-toe\\tic-tac-toe\\src\\services\\ticTacToeService.js": {"path":"C:\\Users\\SPARTAN PC\\tic-tac-toe\\tic-tac-toe\\src\\services\\ticTacToeService.js","all":false,"statementMap":{"0":{"start":{"line":1,"column":0},"end":{"line":1,"column":55}},"1":{"start":{"line":2,"column":0},"end":{"line":2,"column":0}},"2":{"start":{"line":3,"column":0},"end":{"line":3,"column":46}},"3":{"start":{"line":4,"column":0},"end":{"line":4,"column":50}},"4":{"start":{"line":5,"column":0},"end":{"line":5,"column":35}},"5":{"start":{"line":6,"column":0},"end":{"line":6,"column":106}},"6":{"start":{"line":7,"column":0},"end":{"line":7,"column":28}},"7":{"start":{"line":8,"column":0},"end":{"line":8,"column":7}},"8":{"start":{"line":9,"column":0},"end":{"line":9,"column":3}},"9":{"start":{"line":10,"column":0},"end":{"line":10,"column":13}},"10":{"start":{"line":11,"column":0},"end":{"line":11,"column":1}},"11":{"start":{"line":12,"column":0},"end":{"line":12,"column":0}},"12":{"start":{"line":13,"column":0},"end":{"line":13,"column":47}},"13":{"start":{"line":14,"column":0},"end":{"line":14,"column":37}},"14":{"start":{"line":15,"column":0},"end":{"line":15,"column":1}}},"s":{"0":1,"1":1,"2":1,"3":18,"4":123,"5":123,"6":3,"7":3,"8":123,"9":15,"10":15,"11":1,"12":1,"13":15,"14":15},"branchMap":{"0":{"type":"branch","line":3,"loc":{"start":{"line":3,"column":27},"end":{"line":11,"column":1}},"locations":[{"start":{"line":3,"column":27},"end":{"line":11,"column":1}}]},"1":{"type":"branch","line":4,"loc":{"start":{"line":4,"column":49},"end":{"line":9,"column":3}},"locations":[{"start":{"line":4,"column":49},"end":{"line":9,"column":3}}]},"2":{"type":"branch","line":6,"loc":{"start":{"line":6,"column":26},"end":{"line":6,"column":64}},"locations":[{"start":{"line":6,"column":26},"end":{"line":6,"column":64}}]},"3":{"type":"branch","line":6,"loc":{"start":{"line":6,"column":65},"end":{"line":6,"column":103}},"locations":[{"start":{"line":6,"column":65},"end":{"line":6,"column":103}}]},"4":{"type":"branch","line":6,"loc":{"start":{"line":6,"column":105},"end":{"line":8,"column":7}},"locations":[{"start":{"line":6,"column":105},"end":{"line":8,"column":7}}]},"5":{"type":"branch","line":9,"loc":{"start":{"line":9,"column":2},"end":{"line":11,"column":1}},"locations":[{"start":{"line":9,"column":2},"end":{"line":11,"column":1}}]},"6":{"type":"branch","line":13,"loc":{"start":{"line":13,"column":28},"end":{"line":15,"column":1}},"locations":[{"start":{"line":13,"column":28},"end":{"line":15,"column":1}}]}},"b":{"0":[18],"1":[123],"2":[64],"3":[12],"4":[3],"5":[15],"6":[15]},"fnMap":{"0":{"name":"checkWinner","decl":{"start":{"line":3,"column":27},"end":{"line":11,"column":1}},"loc":{"start":{"line":3,"column":27},"end":{"line":11,"column":1}},"line":3},"1":{"name":"checkEndGame","decl":{"start":{"line":13,"column":28},"end":{"line":15,"column":1}},"loc":{"start":{"line":13,"column":28},"end":{"line":15,"column":1}},"line":13}},"f":{"0":18,"1":15}}
}
